nohup: ignoring input

> market-mind-ai@1.0.0 dev
> vite


  VITE v8.0.0  ready in 244 ms

  ➜  Local:   http://localhost:5173/
  ➜  Network: use --host to expose
2:36:02 PM [vite] (client) hmr update /src/components/Layout.css
2:36:03 PM [vite] (client) hmr update /src/components/Layout.jsx
2:36:21 PM [vite] (client) hmr update /src/components/Layout.css
2:44:01 PM [vite] (client) hmr update /src/pages/LogisticsIntelligence.jsx
2:44:47 PM [vite] (client) hmr update /src/pages/LogisticsIntelligence.jsx
2:45:32 PM [vite] (client) hmr update /src/pages/PriceTracker.jsx
2:46:37 PM [vite] (client) hmr update /src/pages/ReviewIntelligence.jsx
2:47:18 PM [vite] (client) hmr update /src/pages/CompetitorRadar.jsx
2:47:18 PM [vite] Internal server error: Transform failed with 5 errors:

[31m[PARSE_ERROR] Error:[0m Identifier `TrendingUp` has already been declared
   [38;5;246m╭[0m[38;5;246m─[0m[38;5;246m[[0m src/pages/CompetitorRadar.jsx:2:10 [38;5;246m][0m
   [38;5;246m│[0m
 [38;5;246m2 │[0m [38;5;249mi[0m[38;5;249mm[0m[38;5;249mp[0m[38;5;249mo[0m[38;5;249mr[0m[38;5;249mt[0m[38;5;249m [0m[38;5;249m{[0m[38;5;249m [0mTrendingUp[38;5;249m,[0m[38;5;249m [0m[38;5;249mT[0m[38;5;249mr[0m[38;5;249me[0m[38;5;249mn[0m[38;5;249md[0m[38;5;249mi[0m[38;5;249mn[0m[38;5;249mg[0m[38;5;249mD[0m[38;5;249mo[0m[38;5;249mw[0m[38;5;249mn[0m[38;5;249m,[0m[38;5;249m [0m[38;5;249mA[0m[38;5;249ml[0m[38;5;249me[0m[38;5;249mr[0m[38;5;249mt[0m[38;5;249mC[0m[38;5;249mi[0m[38;5;249mr[0m[38;5;249mc[0m[38;5;249ml[0m[38;5;249me[0m[38;5;249m,[0m[38;5;249m [0m[38;5;249mP[0m[38;5;249ma[0m[38;5;249mc[0m[38;5;249mk[0m[38;5;249ma[0m[38;5;249mg[0m[38;5;249me[0m[38;5;249m,[0m[38;5;249m [0m[38;5;249mL[0m[38;5;249mo[0m[38;5;249ma[0m[38;5;249md[0m[38;5;249me[0m[38;5;249mr[0m[38;5;249m [0m[38;5;249m}[0m[38;5;249m [0m[38;5;249mf[0m[38;5;249mr[0m[38;5;249mo[0m[38;5;249mm[0m[38;5;249m [0m[38;5;249m'[0m[38;5;249ml[0m[38;5;249mu[0m[38;5;249mc[0m[38;5;249mi[0m[38;5;249md[0m[38;5;249me[0m[38;5;249m-[0m[38;5;249mr[0m[38;5;249me[0m[38;5;249ma[0m[38;5;249mc[0m[38;5;249mt[0m[38;5;249m'[0m[38;5;249m;[0m
 [38;5;240m  │[0m          ─────┬────  
 [38;5;240m  │[0m               ╰────── `TrendingUp` has already been declared here
 [38;5;246m3 │[0m [38;5;249mi[0m[38;5;249mm[0m[38;5;249mp[0m[38;5;249mo[0m[38;5;249mr[0m[38;5;249mt[0m[38;5;249m [0m[38;5;249m{[0m[38;5;249m [0mTrendingUp[38;5;249m,[0m[38;5;249m [0m[38;5;249mT[0m[38;5;249mr[0m[38;5;249me[0m[38;5;249mn[0m[38;5;249md[0m[38;5;249mi[0m[38;5;249mn[0m[38;5;249mg[0m[38;5;249mD[0m[38;5;249mo[0m[38;5;249mw[0m[38;5;249mn[0m[38;5;249m,[0m[38;5;249m [0m[38;5;249mA[0m[38;5;249ml[0m[38;5;249me[0m[38;5;249mr[0m[38;5;249mt[0m[38;5;249mC[0m[38;5;249mi[0m[38;5;249mr[0m[38;5;249mc[0m[38;5;249ml[0m[38;5;249me[0m[38;5;249m,[0m[38;5;249m [0m[38;5;249mP[0m[38;5;249ma[0m[38;5;249mc[0m[38;5;249mk[0m[38;5;249ma[0m[38;5;249mg[0m[38;5;249me[0m[38;5;249m,[0m[38;5;249m [0m[38;5;249mL[0m[38;5;249mo[0m[38;5;249ma[0m[38;5;249md[0m[38;5;249me[0m[38;5;249mr[0m[38;5;249m [0m[38;5;249m}[0m[38;5;249m [0m[38;5;249mf[0m[38;5;249mr[0m[38;5;249mo[0m[38;5;249mm[0m[38;5;249m [0m[38;5;249m'[0m[38;5;249ml[0m[38;5;249mu[0m[38;5;249mc[0m[38;5;249mi[0m[38;5;249md[0m[38;5;249me[0m[38;5;249m-[0m[38;5;249mr[0m[38;5;249me[0m[38;5;249ma[0m[38;5;249mc[0m[38;5;249mt[0m[38;5;249m'[0m[38;5;249m;[0m
 [38;5;240m  │[0m          ─────┬────  
 [38;5;240m  │[0m               ╰────── It can not be redeclared here
[38;5;246m───╯[0m

[31m[PARSE_ERROR] Error:[0m Identifier `TrendingDown` has already been declared
   [38;5;246m╭[0m[38;5;246m─[0m[38;5;246m[[0m src/pages/CompetitorRadar.jsx:2:22 [38;5;246m][0m
   [38;5;246m│[0m
 [38;5;246m2 │[0m [38;5;249mi[0m[38;5;249mm[0m[38;5;249mp[0m[38;5;249mo[0m[38;5;249mr[0m[38;5;249mt[0m[38;5;249m [0m[38;5;249m{[0m[38;5;249m [0m[38;5;249mT[0m[38;5;249mr[0m[38;5;249me[0m[38;5;249mn[0m[38;5;249md[0m[38;5;249mi[0m[38;5;249mn[0m[38;5;249mg[0m[38;5;249mU[0m[38;5;249mp[0m[38;5;249m,[0m[38;5;249m [0mTrendingDown[38;5;249m,[0m[38;5;249m [0m[38;5;249mA[0m[38;5;249ml[0m[38;5;249me[0m[38;5;249mr[0m[38;5;249mt[0m[38;5;249mC[0m[38;5;249mi[0m[38;5;249mr[0m[38;5;249mc[0m[38;5;249ml[0m[38;5;249me[0m[38;5;249m,[0m[38;5;249m [0m[38;5;249mP[0m[38;5;249ma[0m[38;5;249mc[0m[38;5;249mk[0m[38;5;249ma[0m[38;5;249mg[0m[38;5;249me[0m[38;5;249m,[0m[38;5;249m [0m[38;5;249mL[0m[38;5;249mo[0m[38;5;249ma[0m[38;5;249md[0m[38;5;249me[0m[38;5;249mr[0m[38;5;249m [0m[38;5;249m}[0m[38;5;249m [0m[38;5;249mf[0m[38;5;249mr[0m[38;5;249mo[0m[38;5;249mm[0m[38;5;249m [0m[38;5;249m'[0m[38;5;249ml[0m[38;5;249mu[0m[38;5;249mc[0m[38;5;249mi[0m[38;5;249md[0m[38;5;249me[0m[38;5;249m-[0m[38;5;249mr[0m[38;5;249me[0m[38;5;249ma[0m[38;5;249mc[0m[38;5;249mt[0m[38;5;249m'[0m[38;5;249m;[0m
 [38;5;240m  │[0m                      ──────┬─────  
 [38;5;240m  │[0m                            ╰─────── `TrendingDown` has already been declared here
 [38;5;246m3 │[0m [38;5;249mi[0m[38;5;249mm[0m[38;5;249mp[0m[38;5;249mo[0m[38;5;249mr[0m[38;5;249mt[0m[38;5;249m [0m[38;5;249m{[0m[38;5;249m [0m[38;5;249mT[0m[38;5;249mr[0m[38;5;249me[0m[38;5;249mn[0m[38;5;249md[0m[38;5;249mi[0m[38;5;249mn[0m[38;5;249mg[0m[38;5;249mU[0m[38;5;249mp[0m[38;5;249m,[0m[38;5;249m [0mTrendingDown[38;5;249m,[0m[38;5;249m [0m[38;5;249mA[0m[38;5;249ml[0m[38;5;249me[0m[38;5;249mr[0m[38;5;249mt[0m[38;5;249mC[0m[38;5;249mi[0m[38;5;249mr[0m[38;5;249mc[0m[38;5;249ml[0m[38;5;249me[0m[38;5;249m,[0m[38;5;249m [0m[38;5;249mP[0m[38;5;249ma[0m[38;5;249mc[0m[38;5;249mk[0m[38;5;249ma[0m[38;5;249mg[0m[38;5;249me[0m[38;5;249m,[0m[38;5;249m [0m[38;5;249mL[0m[38;5;249mo[0m[38;5;249ma[0m[38;5;249md[0m[38;5;249me[0m[38;5;249mr[0m[38;5;249m [0m[38;5;249m}[0m[38;5;249m [0m[38;5;249mf[0m[38;5;249mr[0m[38;5;249mo[0m[38;5;249mm[0m[38;5;249m [0m[38;5;249m'[0m[38;5;249ml[0m[38;5;249mu[0m[38;5;249mc[0m[38;5;249mi[0m[38;5;249md[0m[38;5;249me[0m[38;5;249m-[0m[38;5;249mr[0m[38;5;249me[0m[38;5;249ma[0m[38;5;249mc[0m[38;5;249mt[0m[38;5;249m'[0m[38;5;249m;[0m
 [38;5;240m  │[0m                      ──────┬─────  
 [38;5;240m  │[0m                            ╰─────── It can not be redeclared here
[38;5;246m───╯[0m

[31m[PARSE_ERROR] Error:[0m Identifier `AlertCircle` has already been declared
   [38;5;246m╭[0m[38;5;246m─[0m[38;5;246m[[0m src/pages/CompetitorRadar.jsx:2:36 [38;5;246m][0m
   [38;5;246m│[0m
 [38;5;246m2 │[0m [38;5;249mi[0m[38;5;249mm[0m[38;5;249mp[0m[38;5;249mo[0m[38;5;249mr[0m[38;5;249mt[0m[38;5;249m [0m[38;5;249m{[0m[38;5;249m [0m[38;5;249mT[0m[38;5;249mr[0m[38;5;249me[0m[38;5;249mn[0m[38;5;249md[0m[38;5;249mi[0m[38;5;249mn[0m[38;5;249mg[0m[38;5;249mU[0m[38;5;249mp[0m[38;5;249m,[0m[38;5;249m [0m[38;5;249mT[0m[38;5;249mr[0m[38;5;249me[0m[38;5;249mn[0m[38;5;249md[0m[38;5;249mi[0m[38;5;249mn[0m[38;5;249mg[0m[38;5;249mD[0m[38;5;249mo[0m[38;5;249mw[0m[38;5;249mn[0m[38;5;249m,[0m[38;5;249m [0mAlertCircle[38;5;249m,[0m[38;5;249m [0m[38;5;249mP[0m[38;5;249ma[0m[38;5;249mc[0m[38;5;249mk[0m[38;5;249ma[0m[38;5;249mg[0m[38;5;249me[0m[38;5;249m,[0m[38;5;249m [0m[38;5;249mL[0m[38;5;249mo[0m[38;5;249ma[0m[38;5;249md[0m[38;5;249me[0m[38;5;249mr[0m[38;5;249m [0m[38;5;249m}[0m[38;5;249m [0m[38;5;249mf[0m[38;5;249mr[0m[38;5;249mo[0m[38;5;249mm[0m[38;5;249m [0m[38;5;249m'[0m[38;5;249ml[0m[38;5;249mu[0m[38;5;249mc[0m[38;5;249mi[0m[38;5;249md[0m[38;5;249me[0m[38;5;249m-[0m[38;5;249mr[0m[38;5;249me[0m[38;5;249ma[0m[38;5;249mc[0m[38;5;249mt[0m[38;5;249m'[0m[38;5;249m;[0m
 [38;5;240m  │[0m                                    ─────┬─────  
 [38;5;240m  │[0m                                         ╰─────── `AlertCircle` has already been declared here
 [38;5;246m3 │[0m [38;5;249mi[0m[38;5;249mm[0m[38;5;249mp[0m[38;5;249mo[0m[38;5;249mr[0m[38;5;249mt[0m[38;5;249m [0m[38;5;249m{[0m[38;5;249m [0m[38;5;249mT[0m[38;5;249mr[0m[38;5;249me[0m[38;5;249mn[0m[38;5;249md[0m[38;5;249mi[0m[38;5;249mn[0m[38;5;249mg[0m[38;5;249mU[0m[38;5;249mp[0m[38;5;249m,[0m[38;5;249m [0m[38;5;249mT[0m[38;5;249mr[0m[38;5;249me[0m[38;5;249mn[0m[38;5;249md[0m[38;5;249mi[0m[38;5;249mn[0m[38;5;249mg[0m[38;5;249mD[0m[38;5;249mo[0m[38;5;249mw[0m[38;5;249mn[0m[38;5;249m,[0m[38;5;249m [0mAlertCircle[38;5;249m,[0m[38;5;249m [0m[38;5;249mP[0m[38;5;249ma[0m[38;5;249mc[0m[38;5;249mk[0m[38;5;249ma[0m[38;5;249mg[0m[38;5;249me[0m[38;5;249m,[0m[38;5;249m [0m[38;5;249mL[0m[38;5;249mo[0m[38;5;249ma[0m[38;5;249md[0m[38;5;249me[0m[38;5;249mr[0m[38;5;249m [0m[38;5;249m}[0m[38;5;249m [0m[38;5;249mf[0m[38;5;249mr[0m[38;5;249mo[0m[38;5;249mm[0m[38;5;249m [0m[38;5;249m'[0m[38;5;249ml[0m[38;5;249mu[0m[38;5;249mc[0m[38;5;249mi[0m[38;5;249md[0m[38;5;249me[0m[38;5;249m-[0m[38;5;249mr[0m[38;5;249me[0m[38;5;249ma[0m[38;5;249mc[0m[38;5;249mt[0m[38;5;249m'[0m[38;5;249m;[0m
 [38;5;240m  │[0m                                    ─────┬─────  
 [38;5;240m  │[0m                                         ╰─────── It can not be redeclared here
[38;5;246m───╯[0m

[31m[PARSE_ERROR] Error:[0m Identifier `Package` has already been declared
   [38;5;246m╭[0m[38;5;246m─[0m[38;5;246m[[0m src/pages/CompetitorRadar.jsx:2:49 [38;5;246m][0m
   [38;5;246m│[0m
 [38;5;246m2 │[0m [38;5;249mi[0m[38;5;249mm[0m[38;5;249mp[0m[38;5;249mo[0m[38;5;249mr[0m[38;5;249mt[0m[38;5;249m [0m[38;5;249m{[0m[38;5;249m [0m[38;5;249mT[0m[38;5;249mr[0m[38;5;249me[0m[38;5;249mn[0m[38;5;249md[0m[38;5;249mi[0m[38;5;249mn[0m[38;5;249mg[0m[38;5;249mU[0m[38;5;249mp[0m[38;5;249m,[0m[38;5;249m [0m[38;5;249mT[0m[38;5;249mr[0m[38;5;249me[0m[38;5;249mn[0m[38;5;249md[0m[38;5;249mi[0m[38;5;249mn[0m[38;5;249mg[0m[38;5;249mD[0m[38;5;249mo[0m[38;5;249mw[0m[38;5;249mn[0m[38;5;249m,[0m[38;5;249m [0m[38;5;249mA[0m[38;5;249ml[0m[38;5;249me[0m[38;5;249mr[0m[38;5;249mt[0m[38;5;249mC[0m[38;5;249mi[0m[38;5;249mr[0m[38;5;249mc[0m[38;5;249ml[0m[38;5;249me[0m[38;5;249m,[0m[38;5;249m [0mPackage[38;5;249m,[0m[38;5;249m [0m[38;5;249mL[0m[38;5;249mo[0m[38;5;249ma[0m[38;5;249md[0m[38;5;249me[0m[38;5;249mr[0m[38;5;249m [0m[38;5;249m}[0m[38;5;249m [0m[38;5;249mf[0m[38;5;249mr[0m[38;5;249mo[0m[38;5;249mm[0m[38;5;249m [0m[38;5;249m'[0m[38;5;249ml[0m[38;5;249mu[0m[38;5;249mc[0m[38;5;249mi[0m[38;5;249md[0m[38;5;249me[0m[38;5;249m-[0m[38;5;249mr[0m[38;5;249me[0m[38;5;249ma[0m[38;5;249mc[0m[38;5;249mt[0m[38;5;249m'[0m[38;5;249m;[0m
 [38;5;240m  │[0m                                                 ───┬───  
 [38;5;240m  │[0m                                                    ╰───── `Package` has already been declared here
 [38;5;246m3 │[0m [38;5;249mi[0m[38;5;249mm[0m[38;5;249mp[0m[38;5;249mo[0m[38;5;249mr[0m[38;5;249mt[0m[38;5;249m [0m[38;5;249m{[0m[38;5;249m [0m[38;5;249mT[0m[38;5;249mr[0m[38;5;249me[0m[38;5;249mn[0m[38;5;249md[0m[38;5;249mi[0m[38;5;249mn[0m[38;5;249mg[0m[38;5;249mU[0m[38;5;249mp[0m[38;5;249m,[0m[38;5;249m [0m[38;5;249mT[0m[38;5;249mr[0m[38;5;249me[0m[38;5;249mn[0m[38;5;249md[0m[38;5;249mi[0m[38;5;249mn[0m[38;5;249mg[0m[38;5;249mD[0m[38;5;249mo[0m[38;5;249mw[0m[38;5;249mn[0m[38;5;249m,[0m[38;5;249m [0m[38;5;249mA[0m[38;5;249ml[0m[38;5;249me[0m[38;5;249mr[0m[38;5;249mt[0m[38;5;249mC[0m[38;5;249mi[0m[38;5;249mr[0m[38;5;249mc[0m[38;5;249ml[0m[38;5;249me[0m[38;5;249m,[0m[38;5;249m [0mPackage[38;5;249m,[0m[38;5;249m [0m[38;5;249mL[0m[38;5;249mo[0m[38;5;249ma[0m[38;5;249md[0m[38;5;249me[0m[38;5;249mr[0m[38;5;249m [0m[38;5;249m}[0m[38;5;249m [0m[38;5;249mf[0m[38;5;249mr[0m[38;5;249mo[0m[38;5;249mm[0m[38;5;249m [0m[38;5;249m'[0m[38;5;249ml[0m[38;5;249mu[0m[38;5;249mc[0m[38;5;249mi[0m[38;5;249md[0m[38;5;249me[0m[38;5;249m-[0m[38;5;249mr[0m[38;5;249me[0m[38;5;249ma[0m[38;5;249mc[0m[38;5;249mt[0m[38;5;249m'[0m[38;5;249m;[0m
 [38;5;240m  │[0m                                                 ───┬───  
 [38;5;240m  │[0m                                                    ╰───── It can not be redeclared here
[38;5;246m───╯[0m

[31m[PARSE_ERROR] Error:[0m Identifier `Loader` has already been declared
   [38;5;246m╭[0m[38;5;246m─[0m[38;5;246m[[0m src/pages/CompetitorRadar.jsx:2:58 [38;5;246m][0m
   [38;5;246m│[0m
 [38;5;246m2 │[0m [38;5;249mi[0m[38;5;249mm[0m[38;5;249mp[0m[38;5;249mo[0m[38;5;249mr[0m[38;5;249mt[0m[38;5;249m [0m[38;5;249m{[0m[38;5;249m [0m[38;5;249mT[0m[38;5;249mr[0m[38;5;249me[0m[38;5;249mn[0m[38;5;249md[0m[38;5;249mi[0m[38;5;249mn[0m[38;5;249mg[0m[38;5;249mU[0m[38;5;249mp[0m[38;5;249m,[0m[38;5;249m [0m[38;5;249mT[0m[38;5;249mr[0m[38;5;249me[0m[38;5;249mn[0m[38;5;249md[0m[38;5;249mi[0m[38;5;249mn[0m[38;5;249mg[0m[38;5;249mD[0m[38;5;249mo[0m[38;5;249mw[0m[38;5;249mn[0m[38;5;249m,[0m[38;5;249m [0m[38;5;249mA[0m[38;5;249ml[0m[38;5;249me[0m[38;5;249mr[0m[38;5;249mt[0m[38;5;249mC[0m[38;5;249mi[0m[38;5;249mr[0m[38;5;249mc[0m[38;5;249ml[0m[38;5;249me[0m[38;5;249m,[0m[38;5;249m [0m[38;5;249mP[0m[38;5;249ma[0m[38;5;249mc[0m[38;5;249mk[0m[38;5;249ma[0m[38;5;249mg[0m[38;5;249me[0m[38;5;249m,[0m[38;5;249m [0mLoader[38;5;249m [0m[38;5;249m}[0m[38;5;249m [0m[38;5;249mf[0m[38;5;249mr[0m[38;5;249mo[0m[38;5;249mm[0m[38;5;249m [0m[38;5;249m'[0m[38;5;249ml[0m[38;5;249mu[0m[38;5;249mc[0m[38;5;249mi[0m[38;5;249md[0m[38;5;249me[0m[38;5;249m-[0m[38;5;249mr[0m[38;5;249me[0m[38;5;249ma[0m[38;5;249mc[0m[38;5;249mt[0m[38;5;249m'[0m[38;5;249m;[0m
 [38;5;240m  │[0m                                                          ───┬──  
 [38;5;240m  │[0m                                                             ╰──── `Loader` has already been declared here
 [38;5;246m3 │[0m [38;5;249mi[0m[38;5;249mm[0m[38;5;249mp[0m[38;5;249mo[0m[38;5;249mr[0m[38;5;249mt[0m[38;5;249m [0m[38;5;249m{[0m[38;5;249m [0m[38;5;249mT[0m[38;5;249mr[0m[38;5;249me[0m[38;5;249mn[0m[38;5;249md[0m[38;5;249mi[0m[38;5;249mn[0m[38;5;249mg[0m[38;5;249mU[0m[38;5;249mp[0m[38;5;249m,[0m[38;5;249m [0m[38;5;249mT[0m[38;5;249mr[0m[38;5;249me[0m[38;5;249mn[0m[38;5;249md[0m[38;5;249mi[0m[38;5;249mn[0m[38;5;249mg[0m[38;5;249mD[0m[38;5;249mo[0m[38;5;249mw[0m[38;5;249mn[0m[38;5;249m,[0m[38;5;249m [0m[38;5;249mA[0m[38;5;249ml[0m[38;5;249me[0m[38;5;249mr[0m[38;5;249mt[0m[38;5;249mC[0m[38;5;249mi[0m[38;5;249mr[0m[38;5;249mc[0m[38;5;249ml[0m[38;5;249me[0m[38;5;249m,[0m[38;5;249m [0m[38;5;249mP[0m[38;5;249ma[0m[38;5;249mc[0m[38;5;249mk[0m[38;5;249ma[0m[38;5;249mg[0m[38;5;249me[0m[38;5;249m,[0m[38;5;249m [0mLoader[38;5;249m [0m[38;5;249m}[0m[38;5;249m [0m[38;5;249mf[0m[38;5;249mr[0m[38;5;249mo[0m[38;5;249mm[0m[38;5;249m [0m[38;5;249m'[0m[38;5;249ml[0m[38;5;249mu[0m[38;5;249mc[0m[38;5;249mi[0m[38;5;249md[0m[38;5;249me[0m[38;5;249m-[0m[38;5;249mr[0m[38;5;249me[0m[38;5;249ma[0m[38;5;249mc[0m[38;5;249mt[0m[38;5;249m'[0m[38;5;249m;[0m
 [38;5;240m  │[0m                                                          ───┬──  
 [38;5;240m  │[0m                                                             ╰──── It can not be redeclared here
[38;5;246m───╯[0m

  Plugin: vite:oxc
  File: /home/tamil/Downloads/cit hack 2/src/pages/CompetitorRadar.jsx
      at transformWithOxc (file:///home/tamil/Downloads/cit%20hack%202/node_modules/vite/dist/node/chunks/node.js:3719:19)
      at TransformPluginContext.transform (file:///home/tamil/Downloads/cit%20hack%202/node_modules/vite/dist/node/chunks/node.js:3795:26)
      at EnvironmentPluginContainer.transform (file:///home/tamil/Downloads/cit%20hack%202/node_modules/vite/dist/node/chunks/node.js:29998:51)
      at async loadAndTransform (file:///home/tamil/Downloads/cit%20hack%202/node_modules/vite/dist/node/chunks/node.js:24133:26)
      at async viteTransformMiddleware (file:///home/tamil/Downloads/cit%20hack%202/node_modules/vite/dist/node/chunks/node.js:24941:20)
2:47:28 PM [vite] (client) hmr update /src/pages/CompetitorRadar.jsx
2:52:18 PM [vite] .env changed, restarting server...
2:52:18 PM [vite] server restarted.
2:56:19 PM [vite] .env changed, restarting server...
2:56:19 PM [vite] (client) Re-optimizing dependencies because lockfile has changed
2:56:19 PM [vite] server restarted.
2:56:19 PM [vite] .env changed, restarting server...
2:56:20 PM [vite] server restarted.
